<?xml version="1.0" encoding="UTF-8"?>
<!-- Generated by org.testng.reporters.JUnitXMLReporter -->
<testsuite ignored="0" hostname="DESKTOP-NIUH9AP" failures="1" tests="5" name="tests" time="91.586" errors="0" timestamp="2020-06-11T12:12:55 IST">
  <testcase classname="com.testcases.Promises_TestCases" name="logout" time="10.526">
    <failure type="java.lang.AssertionError" message="expected [true] but found [false]">
      <![CDATA[java.lang.AssertionError: expected [true] but found [false]
at com.testcases.Promises_TestCases.logout(Promises_TestCases.java:102)
at java.base/java.util.ArrayList.forEach(ArrayList.java:1510)
... Removed 31 stack frames]]>
    </failure>
  </testcase> <!-- logout -->
  <testcase classname="com.testcases.Promises_TestCases" name="verifyAuthentication" time="4.956"/>
  <testcase classname="com.testcases.Promises_TestCases" name="login" time="9.844"/>
  <testcase classname="com.testcases.Promises_TestCases" name="addPromise" time="18.745"/>
  <testcase classname="com.testcases.Promises_TestCases" name="searchPromise" time="4.672"/>
</testsuite> <!-- tests -->
